# JRE version: OpenJDK Runtime Environment (8.0_76-b03) (build 1.8.0_76-release-b03)
# Java VM: OpenJDK 64-Bit Server VM (25.76-b03 mixed mode windows-amd64 compressed oops)
Heap:
 PSYoungGen      total 153600K, used 63073K [0x00000000eab00000, 0x00000000f4f80000, 0x0000000100000000)
  eden space 140800K, 38% used [0x00000000eab00000,0x00000000edf47ee8,0x00000000f3480000)
  from space 12800K, 74% used [0x00000000f4300000,0x00000000f4c507e8,0x00000000f4f80000)
  to   space 13824K, 0% used [0x00000000f3480000,0x00000000f3480000,0x00000000f4200000)
 ParOldGen       total 81408K, used 26472K [0x00000000c0000000, 0x00000000c4f80000, 0x00000000eab00000)
  object space 81408K, 32% used [0x00000000c0000000,0x00000000c19da138,0x00000000c4f80000)
 Metaspace       used 49922K, capacity 51576K, committed 51840K, reserved 1093632K
  class space    used 6688K, capacity 6998K, committed 7040K, reserved 1048576K
GC Heap History (10 events):
Event: 17.618 GC heap before
{Heap before GC invocations=10 (full 1):
 PSYoungGen      total 85504K, used 79988K [0x00000000eab00000, 0x00000000f0c80000, 0x0000000100000000)
  eden space 75264K, 100% used [0x00000000eab00000,0x00000000ef480000,0x00000000ef480000)
  from space 10240K, 46% used [0x00000000efe80000,0x00000000f031d020,0x00000000f0880000)
  to   space 10240K, 0% used [0x00000000ef480000,0x00000000ef480000,0x00000000efe80000)
 ParOldGen       total 60928K, used 9503K [0x00000000c0000000, 0x00000000c3b80000, 0x00000000eab00000)
  object space 60928K, 15% used [0x00000000c0000000,0x00000000c0947ec0,0x00000000c3b80000)
 Metaspace       used 34293K, capacity 35100K, committed 35328K, reserved 1079296K
  class space    used 4598K, capacity 4784K, committed 4864K, reserved 1048576K
Event: 17.648 GC heap after
Heap after GC invocations=10 (full 1):
 PSYoungGen      total 85504K, used 10208K [0x00000000eab00000, 0x00000000f2580000, 0x0000000100000000)
  eden space 75264K, 0% used [0x00000000eab00000,0x00000000eab00000,0x00000000ef480000)
  from space 10240K, 99% used [0x00000000ef480000,0x00000000efe781b0,0x00000000efe80000)
  to   space 12288K, 0% used [0x00000000f1980000,0x00000000f1980000,0x00000000f2580000)
 ParOldGen       total 60928K, used 11684K [0x00000000c0000000, 0x00000000c3b80000, 0x00000000eab00000)
  object space 60928K, 19% used [0x00000000c0000000,0x00000000c0b692b8,0x00000000c3b80000)
 Metaspace       used 34293K, capacity 35100K, committed 35328K, reserved 1079296K
  class space    used 4598K, capacity 4784K, committed 4864K, reserved 1048576K
}
Event: 17.816 GC heap before
{Heap before GC invocations=11 (full 1):
 PSYoungGen      total 85504K, used 20449K [0x00000000eab00000, 0x00000000f2580000, 0x0000000100000000)
  eden space 75264K, 13% used [0x00000000eab00000,0x00000000eb5004b0,0x00000000ef480000)
  from space 10240K, 99% used [0x00000000ef480000,0x00000000efe781b0,0x00000000efe80000)
  to   space 12288K, 0% used [0x00000000f1980000,0x00000000f1980000,0x00000000f2580000)
 ParOldGen       total 60928K, used 11684K [0x00000000c0000000, 0x00000000c3b80000, 0x00000000eab00000)
  object space 60928K, 19% used [0x00000000c0000000,0x00000000c0b692b8,0x00000000c3b80000)
 Metaspace       used 34588K, capacity 35420K, committed 35496K, reserved 1079296K
  class space    used 4644K, capacity 4848K, committed 4864K, reserved 1048576K
Event: 17.838 GC heap after
Heap after GC invocations=11 (full 1):
 PSYoungGen      total 113664K, used 5600K [0x00000000eab00000, 0x00000000f2f80000, 0x0000000100000000)
  eden space 101376K, 0% used [0x00000000eab00000,0x00000000eab00000,0x00000000f0e00000)
  from space 12288K, 45% used [0x00000000f1980000,0x00000000f1ef8340,0x00000000f2580000)
  to   space 11776K, 0% used [0x00000000f0e00000,0x00000000f0e00000,0x00000000f1980000)
 ParOldGen       total 60928K, used 13136K [0x00000000c0000000, 0x00000000c3b80000, 0x00000000eab00000)
  object space 60928K, 21% used [0x00000000c0000000,0x00000000c0cd42c8,0x00000000c3b80000)
 Metaspace       used 34588K, capacity 35420K, committed 35496K, reserved 1079296K
  class space    used 4644K, capacity 4848K, committed 4864K, reserved 1048576K
}
Event: 17.838 GC heap before
{Heap before GC invocations=12 (full 2):
 PSYoungGen      total 113664K, used 5600K [0x00000000eab00000, 0x00000000f2f80000, 0x0000000100000000)
  eden space 101376K, 0% used [0x00000000eab00000,0x00000000eab00000,0x00000000f0e00000)
  from space 12288K, 45% used [0x00000000f1980000,0x00000000f1ef8340,0x00000000f2580000)
  to   space 11776K, 0% used [0x00000000f0e00000,0x00000000f0e00000,0x00000000f1980000)
 ParOldGen       total 60928K, used 13136K [0x00000000c0000000, 0x00000000c3b80000, 0x00000000eab00000)
  object space 60928K, 21% used [0x00000000c0000000,0x00000000c0cd42c8,0x00000000c3b80000)
 Metaspace       used 34588K, capacity 35420K, committed 35496K, reserved 1079296K
  class space    used 4644K, capacity 4848K, committed 4864K, reserved 1048576K
Event: 18.022 GC heap after
Heap after GC invocations=12 (full 2):
 PSYoungGen      total 113664K, used 0K [0x00000000eab00000, 0x00000000f2f80000, 0x0000000100000000)
  eden space 101376K, 0% used [0x00000000eab00000,0x00000000eab00000,0x00000000f0e00000)
  from space 12288K, 0% used [0x00000000f1980000,0x00000000f1980000,0x00000000f2580000)
  to   space 11776K, 0% used [0x00000000f0e00000,0x00000000f0e00000,0x00000000f1980000)
 ParOldGen       total 81408K, used 17023K [0x00000000c0000000, 0x00000000c4f80000, 0x00000000eab00000)
  object space 81408K, 20% used [0x00000000c0000000,0x00000000c109ffd0,0x00000000c4f80000)
 Metaspace       used 34588K, capacity 35420K, committed 35496K, reserved 1079296K
  class space    used 4644K, capacity 4848K, committed 4864K, reserved 1048576K
}
Event: 21.500 GC heap before
{Heap before GC invocations=13 (full 2):
 PSYoungGen      total 113664K, used 101376K [0x00000000eab00000, 0x00000000f2f80000, 0x0000000100000000)
  eden space 101376K, 100% used [0x00000000eab00000,0x00000000f0e00000,0x00000000f0e00000)
  from space 12288K, 0% used [0x00000000f1980000,0x00000000f1980000,0x00000000f2580000)
  to   space 11776K, 0% used [0x00000000f0e00000,0x00000000f0e00000,0x00000000f1980000)
 ParOldGen       total 81408K, used 17023K [0x00000000c0000000, 0x00000000c4f80000, 0x00000000eab00000)
  object space 81408K, 20% used [0x00000000c0000000,0x00000000c109ffd0,0x00000000c4f80000)
 Metaspace       used 43163K, capacity 44144K, committed 44416K, reserved 1087488K
  class space    used 5758K, capacity 6016K, committed 6016K, reserved 1048576K
Event: 21.513 GC heap after
Heap after GC invocations=13 (full 2):
 PSYoungGen      total 113152K, used 11762K [0x00000000eab00000, 0x00000000f5080000, 0x0000000100000000)
  eden space 101376K, 0% used [0x00000000eab00000,0x00000000eab00000,0x00000000f0e00000)
  from space 11776K, 99% used [0x00000000f0e00000,0x00000000f197c8d8,0x00000000f1980000)
  to   space 13824K, 0% used [0x00000000f4300000,0x00000000f4300000,0x00000000f5080000)
 ParOldGen       total 81408K, used 17844K [0x00000000c0000000, 0x00000000c4f80000, 0x00000000eab00000)
  object space 81408K, 21% used [0x00000000c0000000,0x00000000c116d130,0x00000000c4f80000)
 Metaspace       used 43163K, capacity 44144K, committed 44416K, reserved 1087488K
  class space    used 5758K, capacity 6016K, committed 6016K, reserved 1048576K
}
Event: 23.747 GC heap before
{Heap before GC invocations=14 (full 2):
 PSYoungGen      total 113152K, used 113138K [0x00000000eab00000, 0x00000000f5080000, 0x0000000100000000)
  eden space 101376K, 100% used [0x00000000eab00000,0x00000000f0e00000,0x00000000f0e00000)
  from space 11776K, 99% used [0x00000000f0e00000,0x00000000f197c8d8,0x00000000f1980000)
  to   space 13824K, 0% used [0x00000000f4300000,0x00000000f4300000,0x00000000f5080000)
 ParOldGen       total 81408K, used 17844K [0x00000000c0000000, 0x00000000c4f80000, 0x00000000eab00000)
  object space 81408K, 21% used [0x00000000c0000000,0x00000000c116d130,0x00000000c4f80000)
 Metaspace       used 48225K, capacity 49764K, committed 49920K, reserved 1091584K
  class space    used 6483K, capacity 6838K, committed 6912K, reserved 1048576K
Event: 23.787 GC heap after
Heap after GC invocations=14 (full 2):
 PSYoungGen      total 153600K, used 9537K [0x00000000eab00000, 0x00000000f4f80000, 0x0000000100000000)
  eden space 140800K, 0% used [0x00000000eab00000,0x00000000eab00000,0x00000000f3480000)
  from space 12800K, 74% used [0x00000000f4300000,0x00000000f4c507e8,0x00000000f4f80000)
  to   space 13824K, 0% used [0x00000000f3480000,0x00000000f3480000,0x00000000f4200000)
 ParOldGen       total 81408K, used 26472K [0x00000000c0000000, 0x00000000c4f80000, 0x00000000eab00000)
  object space 81408K, 32% used [0x00000000c0000000,0x00000000c19da138,0x00000000c4f80000)
 Metaspace       used 48225K, capacity 49764K, committed 49920K, reserved 1091584K
  class space    used 6483K, capacity 6838K, committed 6912K, reserved 1048576K
}

