# JRE version: OpenJDK Runtime Environment (8.0_76-b03) (build 1.8.0_76-release-b03)
# Java VM: OpenJDK 64-Bit Server VM (25.76-b03 mixed mode windows-amd64 compressed oops)
Heap:
 PSYoungGen      total 113152K, used 9477K [0x00000000eab00000, 0x00000000f5900000, 0x0000000100000000)
  eden space 100352K, 9% used [0x00000000eab00000,0x00000000eb441718,0x00000000f0d00000)
  from space 12800K, 0% used [0x00000000f4c80000,0x00000000f4c80000,0x00000000f5900000)
  to   space 10752K, 0% used [0x00000000f0d00000,0x00000000f0d00000,0x00000000f1780000)
 ParOldGen       total 80896K, used 16976K [0x00000000c0000000, 0x00000000c4f00000, 0x00000000eab00000)
  object space 80896K, 20% used [0x00000000c0000000,0x00000000c10943b8,0x00000000c4f00000)
 Metaspace       used 35504K, capacity 36386K, committed 36784K, reserved 1081344K
  class space    used 4764K, capacity 4951K, committed 5040K, reserved 1048576K
GC Heap History (10 events):
Event: 7.369 GC heap before
{Heap before GC invocations=6 (full 1):
 PSYoungGen      total 70656K, used 65536K [0x00000000eab00000, 0x00000000ef500000, 0x0000000100000000)
  eden space 65536K, 100% used [0x00000000eab00000,0x00000000eeb00000,0x00000000eeb00000)
  from space 5120K, 0% used [0x00000000ef000000,0x00000000ef000000,0x00000000ef500000)
  to   space 5120K, 0% used [0x00000000eeb00000,0x00000000eeb00000,0x00000000ef000000)
 ParOldGen       total 62464K, used 9409K [0x00000000c0000000, 0x00000000c3d00000, 0x00000000eab00000)
  object space 62464K, 15% used [0x00000000c0000000,0x00000000c09305e0,0x00000000c3d00000)
 Metaspace       used 26006K, capacity 26594K, committed 26800K, reserved 1073152K
  class space    used 3556K, capacity 3717K, committed 3760K, reserved 1048576K
Event: 7.380 GC heap after
Heap after GC invocations=6 (full 1):
 PSYoungGen      total 70656K, used 5119K [0x00000000eab00000, 0x00000000f2280000, 0x0000000100000000)
  eden space 65536K, 0% used [0x00000000eab00000,0x00000000eab00000,0x00000000eeb00000)
  from space 5120K, 99% used [0x00000000eeb00000,0x00000000eefffd10,0x00000000ef000000)
  to   space 11264K, 0% used [0x00000000f1780000,0x00000000f1780000,0x00000000f2280000)
 ParOldGen       total 62464K, used 12407K [0x00000000c0000000, 0x00000000c3d00000, 0x00000000eab00000)
  object space 62464K, 19% used [0x00000000c0000000,0x00000000c0c1dc70,0x00000000c3d00000)
 Metaspace       used 26006K, capacity 26594K, committed 26800K, reserved 1073152K
  class space    used 3556K, capacity 3717K, committed 3760K, reserved 1048576K
}
Event: 8.513 GC heap before
{Heap before GC invocations=7 (full 1):
 PSYoungGen      total 70656K, used 70655K [0x00000000eab00000, 0x00000000f2280000, 0x0000000100000000)
  eden space 65536K, 100% used [0x00000000eab00000,0x00000000eeb00000,0x00000000eeb00000)
  from space 5120K, 99% used [0x00000000eeb00000,0x00000000eefffd10,0x00000000ef000000)
  to   space 11264K, 0% used [0x00000000f1780000,0x00000000f1780000,0x00000000f2280000)
 ParOldGen       total 62464K, used 12407K [0x00000000c0000000, 0x00000000c3d00000, 0x00000000eab00000)
  object space 62464K, 19% used [0x00000000c0000000,0x00000000c0c1dc70,0x00000000c3d00000)
 Metaspace       used 28879K, capacity 29566K, committed 29744K, reserved 1075200K
  class space    used 3942K, capacity 4109K, committed 4144K, reserved 1048576K
Event: 8.540 GC heap after
Heap after GC invocations=7 (full 1):
 PSYoungGen      total 111104K, used 6530K [0x00000000eab00000, 0x00000000f2200000, 0x0000000100000000)
  eden space 100352K, 0% used [0x00000000eab00000,0x00000000eab00000,0x00000000f0d00000)
  from space 10752K, 60% used [0x00000000f1780000,0x00000000f1de0a48,0x00000000f2200000)
  to   space 10752K, 0% used [0x00000000f0d00000,0x00000000f0d00000,0x00000000f1780000)
 ParOldGen       total 62464K, used 12415K [0x00000000c0000000, 0x00000000c3d00000, 0x00000000eab00000)
  object space 62464K, 19% used [0x00000000c0000000,0x00000000c0c1fc70,0x00000000c3d00000)
 Metaspace       used 28879K, capacity 29566K, committed 29744K, reserved 1075200K
  class space    used 3942K, capacity 4109K, committed 4144K, reserved 1048576K
}
Event: 10.682 GC heap before
{Heap before GC invocations=8 (full 1):
 PSYoungGen      total 111104K, used 106882K [0x00000000eab00000, 0x00000000f2200000, 0x0000000100000000)
  eden space 100352K, 100% used [0x00000000eab00000,0x00000000f0d00000,0x00000000f0d00000)
  from space 10752K, 60% used [0x00000000f1780000,0x00000000f1de0a48,0x00000000f2200000)
  to   space 10752K, 0% used [0x00000000f0d00000,0x00000000f0d00000,0x00000000f1780000)
 ParOldGen       total 62464K, used 12415K [0x00000000c0000000, 0x00000000c3d00000, 0x00000000eab00000)
  object space 62464K, 19% used [0x00000000c0000000,0x00000000c0c1fc70,0x00000000c3d00000)
 Metaspace       used 34194K, capacity 34992K, committed 35376K, reserved 1079296K
  class space    used 4589K, capacity 4788K, committed 4912K, reserved 1048576K
Event: 10.718 GC heap after
Heap after GC invocations=8 (full 1):
 PSYoungGen      total 111104K, used 10735K [0x00000000eab00000, 0x00000000f5900000, 0x0000000100000000)
  eden space 100352K, 0% used [0x00000000eab00000,0x00000000eab00000,0x00000000f0d00000)
  from space 10752K, 99% used [0x00000000f0d00000,0x00000000f177be98,0x00000000f1780000)
  to   space 12800K, 0% used [0x00000000f4c80000,0x00000000f4c80000,0x00000000f5900000)
 ParOldGen       total 62464K, used 14237K [0x00000000c0000000, 0x00000000c3d00000, 0x00000000eab00000)
  object space 62464K, 22% used [0x00000000c0000000,0x00000000c0de7520,0x00000000c3d00000)
 Metaspace       used 34194K, capacity 34992K, committed 35376K, reserved 1079296K
  class space    used 4589K, capacity 4788K, committed 4912K, reserved 1048576K
}
Event: 10.916 GC heap before
{Heap before GC invocations=9 (full 1):
 PSYoungGen      total 111104K, used 31323K [0x00000000eab00000, 0x00000000f5900000, 0x0000000100000000)
  eden space 100352K, 20% used [0x00000000eab00000,0x00000000ebf1adc8,0x00000000f0d00000)
  from space 10752K, 99% used [0x00000000f0d00000,0x00000000f177be98,0x00000000f1780000)
  to   space 12800K, 0% used [0x00000000f4c80000,0x00000000f4c80000,0x00000000f5900000)
 ParOldGen       total 62464K, used 14237K [0x00000000c0000000, 0x00000000c3d00000, 0x00000000eab00000)
  object space 62464K, 22% used [0x00000000c0000000,0x00000000c0de7520,0x00000000c3d00000)
 Metaspace       used 34514K, capacity 35344K, committed 35496K, reserved 1079296K
  class space    used 4633K, capacity 4820K, committed 4912K, reserved 1048576K
Event: 10.961 GC heap after
Heap after GC invocations=9 (full 1):
 PSYoungGen      total 113152K, used 8983K [0x00000000eab00000, 0x00000000f5900000, 0x0000000100000000)
  eden space 100352K, 0% used [0x00000000eab00000,0x00000000eab00000,0x00000000f0d00000)
  from space 12800K, 70% used [0x00000000f4c80000,0x00000000f5545fa8,0x00000000f5900000)
  to   space 10752K, 0% used [0x00000000f0d00000,0x00000000f0d00000,0x00000000f1780000)
 ParOldGen       total 62464K, used 14245K [0x00000000c0000000, 0x00000000c3d00000, 0x00000000eab00000)
  object space 62464K, 22% used [0x00000000c0000000,0x00000000c0de9520,0x00000000c3d00000)
 Metaspace       used 34514K, capacity 35344K, committed 35496K, reserved 1079296K
  class space    used 4633K, capacity 4820K, committed 4912K, reserved 1048576K
}
Event: 10.961 GC heap before
{Heap before GC invocations=10 (full 2):
 PSYoungGen      total 113152K, used 8983K [0x00000000eab00000, 0x00000000f5900000, 0x0000000100000000)
  eden space 100352K, 0% used [0x00000000eab00000,0x00000000eab00000,0x00000000f0d00000)
  from space 12800K, 70% used [0x00000000f4c80000,0x00000000f5545fa8,0x00000000f5900000)
  to   space 10752K, 0% used [0x00000000f0d00000,0x00000000f0d00000,0x00000000f1780000)
 ParOldGen       total 62464K, used 14245K [0x00000000c0000000, 0x00000000c3d00000, 0x00000000eab00000)
  object space 62464K, 22% used [0x00000000c0000000,0x00000000c0de9520,0x00000000c3d00000)
 Metaspace       used 34514K, capacity 35344K, committed 35496K, reserved 1079296K
  class space    used 4633K, capacity 4820K, committed 4912K, reserved 1048576K
Event: 11.085 GC heap after
Heap after GC invocations=10 (full 2):
 PSYoungGen      total 113152K, used 0K [0x00000000eab00000, 0x00000000f5900000, 0x0000000100000000)
  eden space 100352K, 0% used [0x00000000eab00000,0x00000000eab00000,0x00000000f0d00000)
  from space 12800K, 0% used [0x00000000f4c80000,0x00000000f4c80000,0x00000000f5900000)
  to   space 10752K, 0% used [0x00000000f0d00000,0x00000000f0d00000,0x00000000f1780000)
 ParOldGen       total 80896K, used 16976K [0x00000000c0000000, 0x00000000c4f00000, 0x00000000eab00000)
  object space 80896K, 20% used [0x00000000c0000000,0x00000000c10943b8,0x00000000c4f00000)
 Metaspace       used 34514K, capacity 35344K, committed 35496K, reserved 1079296K
  class space    used 4633K, capacity 4820K, committed 4912K, reserved 1048576K
}

